# JRE version: OpenJDK Runtime Environment (8.0_242-b01) (build 1.8.0_242-release-1644-b01)
# Java VM: OpenJDK 64-Bit Server VM (25.242-b01 mixed mode windows-amd64 compressed oops)
Heap:
 PSYoungGen      total 238080K, used 8976K [0x0000000768980000, 0x000000077d580000, 0x00000007c0000000)
  eden space 225280K, 3% used [0x0000000768980000,0x0000000769244250,0x0000000776580000)
  from space 12800K, 0% used [0x000000077c900000,0x000000077c900000,0x000000077d580000)
  to   space 12800K, 0% used [0x0000000776580000,0x0000000776580000,0x0000000777200000)
 ParOldGen       total 60416K, used 14686K [0x00000006b9c00000, 0x00000006bd700000, 0x0000000768980000)
  object space 60416K, 24% used [0x00000006b9c00000,0x00000006baa57a08,0x00000006bd700000)
 Metaspace       used 34891K, capacity 35628K, committed 35968K, reserved 1081344K
  class space    used 4655K, capacity 4875K, committed 4992K, reserved 1048576K
GC Heap History (10 events):
Event: 22.985 GC heap before
{Heap before GC invocations=12 (full 1):
 PSYoungGen      total 171520K, used 165595K [0x0000000768980000, 0x0000000773f80000, 0x00000007c0000000)
  eden space 158720K, 100% used [0x0000000768980000,0x0000000772480000,0x0000000772480000)
  from space 12800K, 53% used [0x0000000773080000,0x0000000773736d10,0x0000000773d00000)
  to   space 12288K, 0% used [0x0000000772480000,0x0000000772480000,0x0000000773080000)
 ParOldGen       total 60416K, used 17404K [0x00000006b9c00000, 0x00000006bd700000, 0x0000000768980000)
  object space 60416K, 28% used [0x00000006b9c00000,0x00000006bacff348,0x00000006bd700000)
 Metaspace       used 33618K, capacity 34316K, committed 34560K, reserved 1079296K
  class space    used 4523K, capacity 4740K, committed 4864K, reserved 1048576K
Event: 22.994 GC heap after
Heap after GC invocations=12 (full 1):
 PSYoungGen      total 171008K, used 4618K [0x0000000768980000, 0x0000000778200000, 0x00000007c0000000)
  eden space 158720K, 0% used [0x0000000768980000,0x0000000768980000,0x0000000772480000)
  from space 12288K, 37% used [0x0000000772480000,0x00000007729028d0,0x0000000773080000)
  to   space 12288K, 0% used [0x0000000777600000,0x0000000777600000,0x0000000778200000)
 ParOldGen       total 60416K, used 24152K [0x00000006b9c00000, 0x00000006bd700000, 0x0000000768980000)
  object space 60416K, 39% used [0x00000006b9c00000,0x00000006bb396160,0x00000006bd700000)
 Metaspace       used 33618K, capacity 34316K, committed 34560K, reserved 1079296K
  class space    used 4523K, capacity 4740K, committed 4864K, reserved 1048576K
}
Event: 24.018 GC heap before
{Heap before GC invocations=13 (full 1):
 PSYoungGen      total 171008K, used 163338K [0x0000000768980000, 0x0000000778200000, 0x00000007c0000000)
  eden space 158720K, 100% used [0x0000000768980000,0x0000000772480000,0x0000000772480000)
  from space 12288K, 37% used [0x0000000772480000,0x00000007729028d0,0x0000000773080000)
  to   space 12288K, 0% used [0x0000000777600000,0x0000000777600000,0x0000000778200000)
 ParOldGen       total 60416K, used 24152K [0x00000006b9c00000, 0x00000006bd700000, 0x0000000768980000)
  object space 60416K, 39% used [0x00000006b9c00000,0x00000006bb396160,0x00000006bd700000)
 Metaspace       used 33634K, capacity 34316K, committed 34560K, reserved 1079296K
  class space    used 4523K, capacity 4740K, committed 4864K, reserved 1048576K
Event: 24.020 GC heap after
Heap after GC invocations=13 (full 1):
 PSYoungGen      total 233984K, used 480K [0x0000000768980000, 0x0000000777e80000, 0x00000007c0000000)
  eden space 225280K, 0% used [0x0000000768980000,0x0000000768980000,0x0000000776580000)
  from space 8704K, 5% used [0x0000000777600000,0x0000000777678000,0x0000000777e80000)
  to   space 12800K, 0% used [0x0000000776580000,0x0000000776580000,0x0000000777200000)
 ParOldGen       total 60416K, used 24979K [0x00000006b9c00000, 0x00000006bd700000, 0x0000000768980000)
  object space 60416K, 41% used [0x00000006b9c00000,0x00000006bb464e50,0x00000006bd700000)
 Metaspace       used 33634K, capacity 34316K, committed 34560K, reserved 1079296K
  class space    used 4523K, capacity 4740K, committed 4864K, reserved 1048576K
}
Event: 25.965 GC heap before
{Heap before GC invocations=14 (full 1):
 PSYoungGen      total 233984K, used 225760K [0x0000000768980000, 0x0000000777e80000, 0x00000007c0000000)
  eden space 225280K, 100% used [0x0000000768980000,0x0000000776580000,0x0000000776580000)
  from space 8704K, 5% used [0x0000000777600000,0x0000000777678000,0x0000000777e80000)
  to   space 12800K, 0% used [0x0000000776580000,0x0000000776580000,0x0000000777200000)
 ParOldGen       total 60416K, used 24979K [0x00000006b9c00000, 0x00000006bd700000, 0x0000000768980000)
  object space 60416K, 41% used [0x00000006b9c00000,0x00000006bb464e50,0x00000006bd700000)
 Metaspace       used 33634K, capacity 34316K, committed 34560K, reserved 1079296K
  class space    used 4523K, capacity 4740K, committed 4864K, reserved 1048576K
Event: 25.973 GC heap after
Heap after GC invocations=14 (full 1):
 PSYoungGen      total 238080K, used 7195K [0x0000000768980000, 0x000000077d580000, 0x00000007c0000000)
  eden space 225280K, 0% used [0x0000000768980000,0x0000000768980000,0x0000000776580000)
  from space 12800K, 56% used [0x0000000776580000,0x0000000776c86e18,0x0000000777200000)
  to   space 12800K, 0% used [0x000000077c900000,0x000000077c900000,0x000000077d580000)
 ParOldGen       total 60416K, used 25387K [0x00000006b9c00000, 0x00000006bd700000, 0x0000000768980000)
  object space 60416K, 42% used [0x00000006b9c00000,0x00000006bb4cae50,0x00000006bd700000)
 Metaspace       used 33634K, capacity 34316K, committed 34560K, reserved 1079296K
  class space    used 4523K, capacity 4740K, committed 4864K, reserved 1048576K
}
Event: 26.648 GC heap before
{Heap before GC invocations=15 (full 1):
 PSYoungGen      total 238080K, used 66203K [0x0000000768980000, 0x000000077d580000, 0x00000007c0000000)
  eden space 225280K, 26% used [0x0000000768980000,0x000000076c3200d0,0x0000000776580000)
  from space 12800K, 56% used [0x0000000776580000,0x0000000776c86e18,0x0000000777200000)
  to   space 12800K, 0% used [0x000000077c900000,0x000000077c900000,0x000000077d580000)
 ParOldGen       total 60416K, used 25387K [0x00000006b9c00000, 0x00000006bd700000, 0x0000000768980000)
  object space 60416K, 42% used [0x00000006b9c00000,0x00000006bb4cae50,0x00000006bd700000)
 Metaspace       used 34592K, capacity 35464K, committed 35496K, reserved 1079296K
  class space    used 4631K, capacity 4863K, committed 4864K, reserved 1048576K
Event: 26.661 GC heap after
Heap after GC invocations=15 (full 1):
 PSYoungGen      total 238080K, used 2320K [0x0000000768980000, 0x000000077d580000, 0x00000007c0000000)
  eden space 225280K, 0% used [0x0000000768980000,0x0000000768980000,0x0000000776580000)
  from space 12800K, 18% used [0x000000077c900000,0x000000077cb44368,0x000000077d580000)
  to   space 12800K, 0% used [0x0000000776580000,0x0000000776580000,0x0000000777200000)
 ParOldGen       total 60416K, used 32575K [0x00000006b9c00000, 0x00000006bd700000, 0x0000000768980000)
  object space 60416K, 53% used [0x00000006b9c00000,0x00000006bbbcfc68,0x00000006bd700000)
 Metaspace       used 34592K, capacity 35464K, committed 35496K, reserved 1079296K
  class space    used 4631K, capacity 4863K, committed 4864K, reserved 1048576K
}
Event: 26.661 GC heap before
{Heap before GC invocations=16 (full 2):
 PSYoungGen      total 238080K, used 2320K [0x0000000768980000, 0x000000077d580000, 0x00000007c0000000)
  eden space 225280K, 0% used [0x0000000768980000,0x0000000768980000,0x0000000776580000)
  from space 12800K, 18% used [0x000000077c900000,0x000000077cb44368,0x000000077d580000)
  to   space 12800K, 0% used [0x0000000776580000,0x0000000776580000,0x0000000777200000)
 ParOldGen       total 60416K, used 32575K [0x00000006b9c00000, 0x00000006bd700000, 0x0000000768980000)
  object space 60416K, 53% used [0x00000006b9c00000,0x00000006bbbcfc68,0x00000006bd700000)
 Metaspace       used 34592K, capacity 35464K, committed 35496K, reserved 1079296K
  class space    used 4631K, capacity 4863K, committed 4864K, reserved 1048576K
Event: 26.773 GC heap after
Heap after GC invocations=16 (full 2):
 PSYoungGen      total 238080K, used 0K [0x0000000768980000, 0x000000077d580000, 0x00000007c0000000)
  eden space 225280K, 0% used [0x0000000768980000,0x0000000768980000,0x0000000776580000)
  from space 12800K, 0% used [0x000000077c900000,0x000000077c900000,0x000000077d580000)
  to   space 12800K, 0% used [0x0000000776580000,0x0000000776580000,0x0000000777200000)
 ParOldGen       total 60416K, used 14686K [0x00000006b9c00000, 0x00000006bd700000, 0x0000000768980000)
  object space 60416K, 24% used [0x00000006b9c00000,0x00000006baa57a08,0x00000006bd700000)
 Metaspace       used 34526K, capacity 35340K, committed 35496K, reserved 1079296K
  class space    used 4613K, capacity 4843K, committed 4864K, reserved 1048576K
}

